2024-05-17 15:59:42,448     MultiVuServer        DEBUG    Dynacool detected here:  ('C:\\QdDynacool\\MultiVu\\Dynacool.exe', '15576')
2024-05-17 15:59:42,449     MultiVuServer        INFO     Found DYNACOOL running.
2024-05-17 15:59:42,449     MultiVuServer        DEBUG    MultiPyVu Version: 2.1.4
2024-05-17 15:59:42,454     MultiVuServer        INFO     Listening on ('localhost', 5000)
2024-05-17 15:59:42,454     MultiVuServer        INFO     Press ESC to exit.
2024-05-17 16:00:09,707     MultiVuServer        INFO     Exception in thread 'MainThread' in method '_monitor_socket_connection':
Traceback (most recent call last):
  File "C:\Users\czt0036\AppData\Local\Programs\Python\Python311\Lib\site-packages\MultiPyVu\MultiVuServer.py", line 47, in error_handler
    func(*args, **kwargs)
  File "C:\Users\czt0036\AppData\Local\Programs\Python\Python311\Lib\site-packages\MultiPyVu\MultiVuServer.py", line 392, in _monitor_socket_connection
    events = selectors.select(timeout=TIMEOUT_LENGTH)
             ^^^^^^^^^^^^^^^^^^^^^^^^^^^^^^^^^^^^^^^^
  File "C:\Users\czt0036\AppData\Local\Programs\Python\Python311\Lib\selectors.py", line 323, in select
    r, w, _ = self._select(self._readers, self._writers, [], timeout)
              ^^^^^^^^^^^^^^^^^^^^^^^^^^^^^^^^^^^^^^^^^^^^^^^^^^^^^^^
  File "C:\Users\czt0036\AppData\Local\Programs\Python\Python311\Lib\selectors.py", line 314, in _select
    r, w, x = select.select(r, w, w, timeout)
              ^^^^^^^^^^^^^^^^^^^^^^^^^^^^^^^
KeyboardInterrupt

2024-05-17 16:02:44,892     MultiVuServer        DEBUG    Dynacool detected here:  ('C:\\QdDynacool\\MultiVu\\Dynacool.exe', '15576')
2024-05-17 16:02:44,892     MultiVuServer        INFO     Found DYNACOOL running.
2024-05-17 16:02:44,892     MultiVuServer        DEBUG    MultiPyVu Version: 2.1.4
2024-05-17 16:02:44,896     MultiVuServer        INFO     Listening on ('localhost', 5000)
2024-05-17 16:02:44,897     MultiVuServer        INFO     Press ESC to exit.
2024-05-17 16:05:19,365     MultiVuServer        INFO     Exception in thread 'MainThread' in method '_monitor_socket_connection':
Traceback (most recent call last):
  File "C:\Users\czt0036\AppData\Local\Programs\Python\Python311\Lib\site-packages\MultiPyVu\MultiVuServer.py", line 47, in error_handler
    func(*args, **kwargs)
  File "C:\Users\czt0036\AppData\Local\Programs\Python\Python311\Lib\site-packages\MultiPyVu\MultiVuServer.py", line 392, in _monitor_socket_connection
    events = selectors.select(timeout=TIMEOUT_LENGTH)
             ^^^^^^^^^^^^^^^^^^^^^^^^^^^^^^^^^^^^^^^^
  File "C:\Users\czt0036\AppData\Local\Programs\Python\Python311\Lib\selectors.py", line 323, in select
    r, w, _ = self._select(self._readers, self._writers, [], timeout)
              ^^^^^^^^^^^^^^^^^^^^^^^^^^^^^^^^^^^^^^^^^^^^^^^^^^^^^^^
  File "C:\Users\czt0036\AppData\Local\Programs\Python\Python311\Lib\selectors.py", line 314, in _select
    r, w, x = select.select(r, w, w, timeout)
              ^^^^^^^^^^^^^^^^^^^^^^^^^^^^^^^
KeyboardInterrupt

2024-05-17 16:05:35,232     MultiVuServer        DEBUG    Dynacool detected here:  ('C:\\QdDynacool\\MultiVu\\Dynacool.exe', '15576')
2024-05-17 16:05:35,232     MultiVuServer        INFO     Found DYNACOOL running.
2024-05-17 16:05:35,232     MultiVuServer        DEBUG    MultiPyVu Version: 2.1.4
2024-05-17 16:06:06,676     MultiVuServer        DEBUG    Dynacool detected here:  ('C:\\QdDynacool\\MultiVu\\Dynacool.exe', '15576')
2024-05-17 16:06:06,676     MultiVuServer        INFO     Found DYNACOOL running.
2024-05-17 16:06:06,676     MultiVuServer        DEBUG    MultiPyVu Version: 2.1.4
2024-05-17 16:07:49,871     MultiVuServer        DEBUG    Dynacool detected here:  ('C:\\QdDynacool\\MultiVu\\Dynacool.exe', '15576')
2024-05-17 16:07:49,871     MultiVuServer        INFO     Found DYNACOOL running.
2024-05-17 16:07:49,871     MultiVuServer        DEBUG    MultiPyVu Version: 2.1.4
2024-05-17 16:07:49,876     MultiVuServer        INFO     Listening on ('localhost', 5000)
2024-05-17 16:07:49,876     MultiVuServer        INFO     Press ESC to exit.
2024-05-17 16:10:46,542     MultiVuServer        INFO     Exception in thread 'MainThread' in method '_monitor_socket_connection':
Traceback (most recent call last):
  File "C:\Users\czt0036\AppData\Local\Programs\Python\Python311\Lib\site-packages\MultiPyVu\MultiVuServer.py", line 47, in error_handler
    func(*args, **kwargs)
  File "C:\Users\czt0036\AppData\Local\Programs\Python\Python311\Lib\site-packages\MultiPyVu\MultiVuServer.py", line 392, in _monitor_socket_connection
    events = selectors.select(timeout=TIMEOUT_LENGTH)
             ^^^^^^^^^^^^^^^^^^^^^^^^^^^^^^^^^^^^^^^^
  File "C:\Users\czt0036\AppData\Local\Programs\Python\Python311\Lib\selectors.py", line 323, in select
    r, w, _ = self._select(self._readers, self._writers, [], timeout)
              ^^^^^^^^^^^^^^^^^^^^^^^^^^^^^^^^^^^^^^^^^^^^^^^^^^^^^^^
  File "C:\Users\czt0036\AppData\Local\Programs\Python\Python311\Lib\selectors.py", line 314, in _select
    r, w, x = select.select(r, w, w, timeout)
              ^^^^^^^^^^^^^^^^^^^^^^^^^^^^^^^
KeyboardInterrupt

2024-05-17 16:11:19,443     MultiVuServer        DEBUG    Dynacool detected here:  ('C:\\QdDynacool\\MultiVu\\Dynacool.exe', '15576')
2024-05-17 16:11:19,443     MultiVuServer        INFO     Found DYNACOOL running.
2024-05-17 16:11:19,443     MultiVuServer        DEBUG    MultiPyVu Version: 2.1.4
2024-05-17 16:11:19,448     MultiVuServer        INFO     Listening on ('localhost', 5000)
2024-05-17 16:11:19,448     MultiVuServer        INFO     Press ESC to exit.
2024-05-17 16:12:56,373     MultiVuServer        INFO     Exception in thread 'MainThread' in method '_monitor_socket_connection':
Traceback (most recent call last):
  File "C:\Users\czt0036\AppData\Local\Programs\Python\Python311\Lib\site-packages\MultiPyVu\MultiVuServer.py", line 47, in error_handler
    func(*args, **kwargs)
  File "C:\Users\czt0036\AppData\Local\Programs\Python\Python311\Lib\site-packages\MultiPyVu\MultiVuServer.py", line 392, in _monitor_socket_connection
    events = selectors.select(timeout=TIMEOUT_LENGTH)
             ^^^^^^^^^^^^^^^^^^^^^^^^^^^^^^^^^^^^^^^^
  File "C:\Users\czt0036\AppData\Local\Programs\Python\Python311\Lib\selectors.py", line 323, in select
    r, w, _ = self._select(self._readers, self._writers, [], timeout)
              ^^^^^^^^^^^^^^^^^^^^^^^^^^^^^^^^^^^^^^^^^^^^^^^^^^^^^^^
  File "C:\Users\czt0036\AppData\Local\Programs\Python\Python311\Lib\selectors.py", line 314, in _select
    r, w, x = select.select(r, w, w, timeout)
              ^^^^^^^^^^^^^^^^^^^^^^^^^^^^^^^
KeyboardInterrupt

2024-05-17 16:13:17,992     MultiVuServer        DEBUG    Dynacool detected here:  ('C:\\QdDynacool\\MultiVu\\Dynacool.exe', '15576')
2024-05-17 16:13:17,993     MultiVuServer        INFO     Found DYNACOOL running.
2024-05-17 16:13:17,993     MultiVuServer        DEBUG    MultiPyVu Version: 2.1.4
2024-05-17 16:13:17,998     MultiVuServer        INFO     Listening on ('localhost', 5000)
2024-05-17 16:13:17,998     MultiVuServer        INFO     Press ESC to exit.
